<?xml version="1.0" encoding="UTF-8"?>
<testsuite xmlns:xsi="http://www.w3.org/2001/XMLSchema-instance" xsi:noNamespaceSchemaLocation="https://maven.apache.org/surefire/maven-surefire-plugin/xsd/surefire-test-report-3.0.xsd" version="3.0" name="com.healthplan.work.WorkApplicationTests" time="7.922" tests="1" errors="0" skipped="0" failures="0">
  <properties>
    <property name="java.specification.version" value="17"/>
    <property name="sun.jnu.encoding" value="UTF-8"/>
    <property name="java.class.path" value="/home/user1/workspace/hpp_v2/hp_v2/target/test-classes:/home/user1/workspace/hpp_v2/hp_v2/target/classes:/home/user1/.m2/repository/org/springframework/boot/spring-boot-starter-web/3.2.9/spring-boot-starter-web-3.2.9.jar:/home/user1/.m2/repository/org/springframework/boot/spring-boot-starter/3.2.9/spring-boot-starter-3.2.9.jar:/home/user1/.m2/repository/org/springframework/boot/spring-boot-starter-logging/3.2.9/spring-boot-starter-logging-3.2.9.jar:/home/user1/.m2/repository/ch/qos/logback/logback-classic/1.4.14/logback-classic-1.4.14.jar:/home/user1/.m2/repository/ch/qos/logback/logback-core/1.4.14/logback-core-1.4.14.jar:/home/user1/.m2/repository/org/apache/logging/log4j/log4j-to-slf4j/2.21.1/log4j-to-slf4j-2.21.1.jar:/home/user1/.m2/repository/org/apache/logging/log4j/log4j-api/2.21.1/log4j-api-2.21.1.jar:/home/user1/.m2/repository/org/slf4j/jul-to-slf4j/2.0.16/jul-to-slf4j-2.0.16.jar:/home/user1/.m2/repository/org/yaml/snakeyaml/2.2/snakeyaml-2.2.jar:/home/user1/.m2/repository/org/springframework/boot/spring-boot-starter-json/3.2.9/spring-boot-starter-json-3.2.9.jar:/home/user1/.m2/repository/com/fasterxml/jackson/datatype/jackson-datatype-jdk8/2.15.4/jackson-datatype-jdk8-2.15.4.jar:/home/user1/.m2/repository/com/fasterxml/jackson/datatype/jackson-datatype-jsr310/2.15.4/jackson-datatype-jsr310-2.15.4.jar:/home/user1/.m2/repository/com/fasterxml/jackson/module/jackson-module-parameter-names/2.15.4/jackson-module-parameter-names-2.15.4.jar:/home/user1/.m2/repository/org/springframework/spring-web/6.1.12/spring-web-6.1.12.jar:/home/user1/.m2/repository/org/springframework/spring-beans/6.1.12/spring-beans-6.1.12.jar:/home/user1/.m2/repository/io/micrometer/micrometer-observation/1.12.9/micrometer-observation-1.12.9.jar:/home/user1/.m2/repository/io/micrometer/micrometer-commons/1.12.9/micrometer-commons-1.12.9.jar:/home/user1/.m2/repository/org/springframework/spring-webmvc/6.1.12/spring-webmvc-6.1.12.jar:/home/user1/.m2/repository/org/springframework/spring-aop/6.1.12/spring-aop-6.1.12.jar:/home/user1/.m2/repository/org/springframework/spring-context/6.1.12/spring-context-6.1.12.jar:/home/user1/.m2/repository/org/springframework/spring-expression/6.1.12/spring-expression-6.1.12.jar:/home/user1/.m2/repository/org/mybatis/spring/boot/mybatis-spring-boot-starter/3.0.3/mybatis-spring-boot-starter-3.0.3.jar:/home/user1/.m2/repository/org/springframework/boot/spring-boot-starter-jdbc/3.2.9/spring-boot-starter-jdbc-3.2.9.jar:/home/user1/.m2/repository/com/zaxxer/HikariCP/5.0.1/HikariCP-5.0.1.jar:/home/user1/.m2/repository/org/springframework/spring-jdbc/6.1.12/spring-jdbc-6.1.12.jar:/home/user1/.m2/repository/org/mybatis/spring/boot/mybatis-spring-boot-autoconfigure/3.0.3/mybatis-spring-boot-autoconfigure-3.0.3.jar:/home/user1/.m2/repository/org/mybatis/mybatis/3.5.14/mybatis-3.5.14.jar:/home/user1/.m2/repository/org/mybatis/mybatis-spring/3.0.3/mybatis-spring-3.0.3.jar:/home/user1/.m2/repository/org/springframework/boot/spring-boot-devtools/3.2.9/spring-boot-devtools-3.2.9.jar:/home/user1/.m2/repository/org/springframework/boot/spring-boot/3.2.9/spring-boot-3.2.9.jar:/home/user1/.m2/repository/org/springframework/boot/spring-boot-autoconfigure/3.2.9/spring-boot-autoconfigure-3.2.9.jar:/home/user1/.m2/repository/com/oracle/database/jdbc/ojdbc11/21.9.0.0/ojdbc11-21.9.0.0.jar:/home/user1/.m2/repository/org/projectlombok/lombok/1.18.34/lombok-1.18.34.jar:/home/user1/.m2/repository/org/springframework/boot/spring-boot-starter-tomcat/3.2.9/spring-boot-starter-tomcat-3.2.9.jar:/home/user1/.m2/repository/jakarta/annotation/jakarta.annotation-api/2.1.1/jakarta.annotation-api-2.1.1.jar:/home/user1/.m2/repository/org/apache/tomcat/embed/tomcat-embed-core/10.1.28/tomcat-embed-core-10.1.28.jar:/home/user1/.m2/repository/org/apache/tomcat/embed/tomcat-embed-el/10.1.28/tomcat-embed-el-10.1.28.jar:/home/user1/.m2/repository/org/apache/tomcat/embed/tomcat-embed-websocket/10.1.28/tomcat-embed-websocket-10.1.28.jar:/home/user1/.m2/repository/org/springframework/boot/spring-boot-starter-test/3.2.9/spring-boot-starter-test-3.2.9.jar:/home/user1/.m2/repository/org/springframework/boot/spring-boot-test/3.2.9/spring-boot-test-3.2.9.jar:/home/user1/.m2/repository/org/springframework/boot/spring-boot-test-autoconfigure/3.2.9/spring-boot-test-autoconfigure-3.2.9.jar:/home/user1/.m2/repository/jakarta/xml/bind/jakarta.xml.bind-api/4.0.2/jakarta.xml.bind-api-4.0.2.jar:/home/user1/.m2/repository/jakarta/activation/jakarta.activation-api/2.1.3/jakarta.activation-api-2.1.3.jar:/home/user1/.m2/repository/net/minidev/json-smart/2.5.1/json-smart-2.5.1.jar:/home/user1/.m2/repository/net/minidev/accessors-smart/2.5.1/accessors-smart-2.5.1.jar:/home/user1/.m2/repository/org/ow2/asm/asm/9.6/asm-9.6.jar:/home/user1/.m2/repository/org/assertj/assertj-core/3.24.2/assertj-core-3.24.2.jar:/home/user1/.m2/repository/net/bytebuddy/byte-buddy/1.14.19/byte-buddy-1.14.19.jar:/home/user1/.m2/repository/org/awaitility/awaitility/4.2.2/awaitility-4.2.2.jar:/home/user1/.m2/repository/org/hamcrest/hamcrest/2.2/hamcrest-2.2.jar:/home/user1/.m2/repository/org/junit/jupiter/junit-jupiter/5.10.3/junit-jupiter-5.10.3.jar:/home/user1/.m2/repository/org/junit/jupiter/junit-jupiter-api/5.10.3/junit-jupiter-api-5.10.3.jar:/home/user1/.m2/repository/org/opentest4j/opentest4j/1.3.0/opentest4j-1.3.0.jar:/home/user1/.m2/repository/org/junit/platform/junit-platform-commons/1.10.3/junit-platform-commons-1.10.3.jar:/home/user1/.m2/repository/org/apiguardian/apiguardian-api/1.1.2/apiguardian-api-1.1.2.jar:/home/user1/.m2/repository/org/junit/jupiter/junit-jupiter-params/5.10.3/junit-jupiter-params-5.10.3.jar:/home/user1/.m2/repository/org/junit/jupiter/junit-jupiter-engine/5.10.3/junit-jupiter-engine-5.10.3.jar:/home/user1/.m2/repository/org/junit/platform/junit-platform-engine/1.10.3/junit-platform-engine-1.10.3.jar:/home/user1/.m2/repository/org/mockito/mockito-core/5.7.0/mockito-core-5.7.0.jar:/home/user1/.m2/repository/net/bytebuddy/byte-buddy-agent/1.14.19/byte-buddy-agent-1.14.19.jar:/home/user1/.m2/repository/org/objenesis/objenesis/3.3/objenesis-3.3.jar:/home/user1/.m2/repository/org/mockito/mockito-junit-jupiter/5.7.0/mockito-junit-jupiter-5.7.0.jar:/home/user1/.m2/repository/org/skyscreamer/jsonassert/1.5.3/jsonassert-1.5.3.jar:/home/user1/.m2/repository/com/vaadin/external/google/android-json/0.0.20131108.vaadin1/android-json-0.0.20131108.vaadin1.jar:/home/user1/.m2/repository/org/springframework/spring-core/6.1.12/spring-core-6.1.12.jar:/home/user1/.m2/repository/org/springframework/spring-jcl/6.1.12/spring-jcl-6.1.12.jar:/home/user1/.m2/repository/org/springframework/spring-test/6.1.12/spring-test-6.1.12.jar:/home/user1/.m2/repository/org/xmlunit/xmlunit-core/2.9.1/xmlunit-core-2.9.1.jar:/home/user1/.m2/repository/org/mybatis/spring/boot/mybatis-spring-boot-starter-test/3.0.3/mybatis-spring-boot-starter-test-3.0.3.jar:/home/user1/.m2/repository/org/mybatis/spring/boot/mybatis-spring-boot-test-autoconfigure/3.0.3/mybatis-spring-boot-test-autoconfigure-3.0.3.jar:/home/user1/.m2/repository/org/springframework/spring-tx/6.1.12/spring-tx-6.1.12.jar:/home/user1/.m2/repository/org/apache/tomcat/embed/tomcat-embed-jasper/10.1.28/tomcat-embed-jasper-10.1.28.jar:/home/user1/.m2/repository/org/eclipse/jdt/ecj/3.33.0/ecj-3.33.0.jar:/home/user1/.m2/repository/com/jayway/jsonpath/json-path/2.9.0/json-path-2.9.0.jar:/home/user1/.m2/repository/org/slf4j/slf4j-api/2.0.16/slf4j-api-2.0.16.jar:/home/user1/.m2/repository/org/hibernate/hibernate-core/5.1.0.Final/hibernate-core-5.1.0.Final.jar:/home/user1/.m2/repository/org/jboss/logging/jboss-logging/3.5.3.Final/jboss-logging-3.5.3.Final.jar:/home/user1/.m2/repository/org/javassist/javassist/3.20.0-GA/javassist-3.20.0-GA.jar:/home/user1/.m2/repository/antlr/antlr/2.7.7/antlr-2.7.7.jar:/home/user1/.m2/repository/org/apache/geronimo/specs/geronimo-jta_1.1_spec/1.1.1/geronimo-jta_1.1_spec-1.1.1.jar:/home/user1/.m2/repository/org/jboss/jandex/2.0.0.Final/jandex-2.0.0.Final.jar:/home/user1/.m2/repository/com/fasterxml/classmate/1.6.0/classmate-1.6.0.jar:/home/user1/.m2/repository/dom4j/dom4j/1.6.1/dom4j-1.6.1.jar:/home/user1/.m2/repository/xml-apis/xml-apis/1.0.b2/xml-apis-1.0.b2.jar:/home/user1/.m2/repository/org/hibernate/common/hibernate-commons-annotations/5.0.1.Final/hibernate-commons-annotations-5.0.1.Final.jar:/home/user1/.m2/repository/org/hibernate/javax/persistence/hibernate-jpa-2.1-api/1.0.0.Final/hibernate-jpa-2.1-api-1.0.0.Final.jar:/home/user1/.m2/repository/org/springframework/security/spring-security-crypto/6.2.6/spring-security-crypto-6.2.6.jar:/home/user1/.m2/repository/org/springframework/boot/spring-boot-starter-mail/3.2.9/spring-boot-starter-mail-3.2.9.jar:/home/user1/.m2/repository/org/springframework/spring-context-support/6.1.12/spring-context-support-6.1.12.jar:/home/user1/.m2/repository/org/eclipse/angus/jakarta.mail/2.0.3/jakarta.mail-2.0.3.jar:/home/user1/.m2/repository/org/eclipse/angus/angus-activation/2.0.2/angus-activation-2.0.2.jar:/home/user1/.m2/repository/io/jsonwebtoken/jjwt-api/0.11.5/jjwt-api-0.11.5.jar:/home/user1/.m2/repository/io/jsonwebtoken/jjwt-impl/0.11.5/jjwt-impl-0.11.5.jar:/home/user1/.m2/repository/io/jsonwebtoken/jjwt-jackson/0.11.5/jjwt-jackson-0.11.5.jar:/home/user1/.m2/repository/com/fasterxml/jackson/core/jackson-databind/2.15.4/jackson-databind-2.15.4.jar:/home/user1/.m2/repository/com/fasterxml/jackson/core/jackson-annotations/2.15.4/jackson-annotations-2.15.4.jar:/home/user1/.m2/repository/com/fasterxml/jackson/core/jackson-core/2.15.4/jackson-core-2.15.4.jar:/home/user1/.m2/repository/org/jetbrains/annotations/26.0.1/annotations-26.0.1.jar:/home/user1/.m2/repository/net/coobird/thumbnailator/0.4.8/thumbnailator-0.4.8.jar:"/>
    <property name="java.vm.vendor" value="Ubuntu"/>
    <property name="sun.arch.data.model" value="64"/>
    <property name="java.vendor.url" value="https://ubuntu.com/"/>
    <property name="user.timezone" value="Asia/Seoul"/>
    <property name="org.jboss.logging.provider" value="slf4j"/>
    <property name="os.name" value="Linux"/>
    <property name="java.vm.specification.version" value="17"/>
    <property name="sun.java.launcher" value="SUN_STANDARD"/>
    <property name="sun.boot.library.path" value="/usr/lib/jvm/java-17-openjdk-amd64/lib"/>
    <property name="sun.java.command" value="/home/user1/workspace/hpp_v2/hp_v2/target/surefire/surefirebooter-20241210142051994_3.jar /home/user1/workspace/hpp_v2/hp_v2/target/surefire 2024-12-10T14-20-51_689-jvmRun1 surefire-20241210142051994_1tmp surefire_0-20241210142051994_2tmp"/>
    <property name="jdk.debug" value="release"/>
    <property name="surefire.test.class.path" value="/home/user1/workspace/hpp_v2/hp_v2/target/test-classes:/home/user1/workspace/hpp_v2/hp_v2/target/classes:/home/user1/.m2/repository/org/springframework/boot/spring-boot-starter-web/3.2.9/spring-boot-starter-web-3.2.9.jar:/home/user1/.m2/repository/org/springframework/boot/spring-boot-starter/3.2.9/spring-boot-starter-3.2.9.jar:/home/user1/.m2/repository/org/springframework/boot/spring-boot-starter-logging/3.2.9/spring-boot-starter-logging-3.2.9.jar:/home/user1/.m2/repository/ch/qos/logback/logback-classic/1.4.14/logback-classic-1.4.14.jar:/home/user1/.m2/repository/ch/qos/logback/logback-core/1.4.14/logback-core-1.4.14.jar:/home/user1/.m2/repository/org/apache/logging/log4j/log4j-to-slf4j/2.21.1/log4j-to-slf4j-2.21.1.jar:/home/user1/.m2/repository/org/apache/logging/log4j/log4j-api/2.21.1/log4j-api-2.21.1.jar:/home/user1/.m2/repository/org/slf4j/jul-to-slf4j/2.0.16/jul-to-slf4j-2.0.16.jar:/home/user1/.m2/repository/org/yaml/snakeyaml/2.2/snakeyaml-2.2.jar:/home/user1/.m2/repository/org/springframework/boot/spring-boot-starter-json/3.2.9/spring-boot-starter-json-3.2.9.jar:/home/user1/.m2/repository/com/fasterxml/jackson/datatype/jackson-datatype-jdk8/2.15.4/jackson-datatype-jdk8-2.15.4.jar:/home/user1/.m2/repository/com/fasterxml/jackson/datatype/jackson-datatype-jsr310/2.15.4/jackson-datatype-jsr310-2.15.4.jar:/home/user1/.m2/repository/com/fasterxml/jackson/module/jackson-module-parameter-names/2.15.4/jackson-module-parameter-names-2.15.4.jar:/home/user1/.m2/repository/org/springframework/spring-web/6.1.12/spring-web-6.1.12.jar:/home/user1/.m2/repository/org/springframework/spring-beans/6.1.12/spring-beans-6.1.12.jar:/home/user1/.m2/repository/io/micrometer/micrometer-observation/1.12.9/micrometer-observation-1.12.9.jar:/home/user1/.m2/repository/io/micrometer/micrometer-commons/1.12.9/micrometer-commons-1.12.9.jar:/home/user1/.m2/repository/org/springframework/spring-webmvc/6.1.12/spring-webmvc-6.1.12.jar:/home/user1/.m2/repository/org/springframework/spring-aop/6.1.12/spring-aop-6.1.12.jar:/home/user1/.m2/repository/org/springframework/spring-context/6.1.12/spring-context-6.1.12.jar:/home/user1/.m2/repository/org/springframework/spring-expression/6.1.12/spring-expression-6.1.12.jar:/home/user1/.m2/repository/org/mybatis/spring/boot/mybatis-spring-boot-starter/3.0.3/mybatis-spring-boot-starter-3.0.3.jar:/home/user1/.m2/repository/org/springframework/boot/spring-boot-starter-jdbc/3.2.9/spring-boot-starter-jdbc-3.2.9.jar:/home/user1/.m2/repository/com/zaxxer/HikariCP/5.0.1/HikariCP-5.0.1.jar:/home/user1/.m2/repository/org/springframework/spring-jdbc/6.1.12/spring-jdbc-6.1.12.jar:/home/user1/.m2/repository/org/mybatis/spring/boot/mybatis-spring-boot-autoconfigure/3.0.3/mybatis-spring-boot-autoconfigure-3.0.3.jar:/home/user1/.m2/repository/org/mybatis/mybatis/3.5.14/mybatis-3.5.14.jar:/home/user1/.m2/repository/org/mybatis/mybatis-spring/3.0.3/mybatis-spring-3.0.3.jar:/home/user1/.m2/repository/org/springframework/boot/spring-boot-devtools/3.2.9/spring-boot-devtools-3.2.9.jar:/home/user1/.m2/repository/org/springframework/boot/spring-boot/3.2.9/spring-boot-3.2.9.jar:/home/user1/.m2/repository/org/springframework/boot/spring-boot-autoconfigure/3.2.9/spring-boot-autoconfigure-3.2.9.jar:/home/user1/.m2/repository/com/oracle/database/jdbc/ojdbc11/21.9.0.0/ojdbc11-21.9.0.0.jar:/home/user1/.m2/repository/org/projectlombok/lombok/1.18.34/lombok-1.18.34.jar:/home/user1/.m2/repository/org/springframework/boot/spring-boot-starter-tomcat/3.2.9/spring-boot-starter-tomcat-3.2.9.jar:/home/user1/.m2/repository/jakarta/annotation/jakarta.annotation-api/2.1.1/jakarta.annotation-api-2.1.1.jar:/home/user1/.m2/repository/org/apache/tomcat/embed/tomcat-embed-core/10.1.28/tomcat-embed-core-10.1.28.jar:/home/user1/.m2/repository/org/apache/tomcat/embed/tomcat-embed-el/10.1.28/tomcat-embed-el-10.1.28.jar:/home/user1/.m2/repository/org/apache/tomcat/embed/tomcat-embed-websocket/10.1.28/tomcat-embed-websocket-10.1.28.jar:/home/user1/.m2/repository/org/springframework/boot/spring-boot-starter-test/3.2.9/spring-boot-starter-test-3.2.9.jar:/home/user1/.m2/repository/org/springframework/boot/spring-boot-test/3.2.9/spring-boot-test-3.2.9.jar:/home/user1/.m2/repository/org/springframework/boot/spring-boot-test-autoconfigure/3.2.9/spring-boot-test-autoconfigure-3.2.9.jar:/home/user1/.m2/repository/jakarta/xml/bind/jakarta.xml.bind-api/4.0.2/jakarta.xml.bind-api-4.0.2.jar:/home/user1/.m2/repository/jakarta/activation/jakarta.activation-api/2.1.3/jakarta.activation-api-2.1.3.jar:/home/user1/.m2/repository/net/minidev/json-smart/2.5.1/json-smart-2.5.1.jar:/home/user1/.m2/repository/net/minidev/accessors-smart/2.5.1/accessors-smart-2.5.1.jar:/home/user1/.m2/repository/org/ow2/asm/asm/9.6/asm-9.6.jar:/home/user1/.m2/repository/org/assertj/assertj-core/3.24.2/assertj-core-3.24.2.jar:/home/user1/.m2/repository/net/bytebuddy/byte-buddy/1.14.19/byte-buddy-1.14.19.jar:/home/user1/.m2/repository/org/awaitility/awaitility/4.2.2/awaitility-4.2.2.jar:/home/user1/.m2/repository/org/hamcrest/hamcrest/2.2/hamcrest-2.2.jar:/home/user1/.m2/repository/org/junit/jupiter/junit-jupiter/5.10.3/junit-jupiter-5.10.3.jar:/home/user1/.m2/repository/org/junit/jupiter/junit-jupiter-api/5.10.3/junit-jupiter-api-5.10.3.jar:/home/user1/.m2/repository/org/opentest4j/opentest4j/1.3.0/opentest4j-1.3.0.jar:/home/user1/.m2/repository/org/junit/platform/junit-platform-commons/1.10.3/junit-platform-commons-1.10.3.jar:/home/user1/.m2/repository/org/apiguardian/apiguardian-api/1.1.2/apiguardian-api-1.1.2.jar:/home/user1/.m2/repository/org/junit/jupiter/junit-jupiter-params/5.10.3/junit-jupiter-params-5.10.3.jar:/home/user1/.m2/repository/org/junit/jupiter/junit-jupiter-engine/5.10.3/junit-jupiter-engine-5.10.3.jar:/home/user1/.m2/repository/org/junit/platform/junit-platform-engine/1.10.3/junit-platform-engine-1.10.3.jar:/home/user1/.m2/repository/org/mockito/mockito-core/5.7.0/mockito-core-5.7.0.jar:/home/user1/.m2/repository/net/bytebuddy/byte-buddy-agent/1.14.19/byte-buddy-agent-1.14.19.jar:/home/user1/.m2/repository/org/objenesis/objenesis/3.3/objenesis-3.3.jar:/home/user1/.m2/repository/org/mockito/mockito-junit-jupiter/5.7.0/mockito-junit-jupiter-5.7.0.jar:/home/user1/.m2/repository/org/skyscreamer/jsonassert/1.5.3/jsonassert-1.5.3.jar:/home/user1/.m2/repository/com/vaadin/external/google/android-json/0.0.20131108.vaadin1/android-json-0.0.20131108.vaadin1.jar:/home/user1/.m2/repository/org/springframework/spring-core/6.1.12/spring-core-6.1.12.jar:/home/user1/.m2/repository/org/springframework/spring-jcl/6.1.12/spring-jcl-6.1.12.jar:/home/user1/.m2/repository/org/springframework/spring-test/6.1.12/spring-test-6.1.12.jar:/home/user1/.m2/repository/org/xmlunit/xmlunit-core/2.9.1/xmlunit-core-2.9.1.jar:/home/user1/.m2/repository/org/mybatis/spring/boot/mybatis-spring-boot-starter-test/3.0.3/mybatis-spring-boot-starter-test-3.0.3.jar:/home/user1/.m2/repository/org/mybatis/spring/boot/mybatis-spring-boot-test-autoconfigure/3.0.3/mybatis-spring-boot-test-autoconfigure-3.0.3.jar:/home/user1/.m2/repository/org/springframework/spring-tx/6.1.12/spring-tx-6.1.12.jar:/home/user1/.m2/repository/org/apache/tomcat/embed/tomcat-embed-jasper/10.1.28/tomcat-embed-jasper-10.1.28.jar:/home/user1/.m2/repository/org/eclipse/jdt/ecj/3.33.0/ecj-3.33.0.jar:/home/user1/.m2/repository/com/jayway/jsonpath/json-path/2.9.0/json-path-2.9.0.jar:/home/user1/.m2/repository/org/slf4j/slf4j-api/2.0.16/slf4j-api-2.0.16.jar:/home/user1/.m2/repository/org/hibernate/hibernate-core/5.1.0.Final/hibernate-core-5.1.0.Final.jar:/home/user1/.m2/repository/org/jboss/logging/jboss-logging/3.5.3.Final/jboss-logging-3.5.3.Final.jar:/home/user1/.m2/repository/org/javassist/javassist/3.20.0-GA/javassist-3.20.0-GA.jar:/home/user1/.m2/repository/antlr/antlr/2.7.7/antlr-2.7.7.jar:/home/user1/.m2/repository/org/apache/geronimo/specs/geronimo-jta_1.1_spec/1.1.1/geronimo-jta_1.1_spec-1.1.1.jar:/home/user1/.m2/repository/org/jboss/jandex/2.0.0.Final/jandex-2.0.0.Final.jar:/home/user1/.m2/repository/com/fasterxml/classmate/1.6.0/classmate-1.6.0.jar:/home/user1/.m2/repository/dom4j/dom4j/1.6.1/dom4j-1.6.1.jar:/home/user1/.m2/repository/xml-apis/xml-apis/1.0.b2/xml-apis-1.0.b2.jar:/home/user1/.m2/repository/org/hibernate/common/hibernate-commons-annotations/5.0.1.Final/hibernate-commons-annotations-5.0.1.Final.jar:/home/user1/.m2/repository/org/hibernate/javax/persistence/hibernate-jpa-2.1-api/1.0.0.Final/hibernate-jpa-2.1-api-1.0.0.Final.jar:/home/user1/.m2/repository/org/springframework/security/spring-security-crypto/6.2.6/spring-security-crypto-6.2.6.jar:/home/user1/.m2/repository/org/springframework/boot/spring-boot-starter-mail/3.2.9/spring-boot-starter-mail-3.2.9.jar:/home/user1/.m2/repository/org/springframework/spring-context-support/6.1.12/spring-context-support-6.1.12.jar:/home/user1/.m2/repository/org/eclipse/angus/jakarta.mail/2.0.3/jakarta.mail-2.0.3.jar:/home/user1/.m2/repository/org/eclipse/angus/angus-activation/2.0.2/angus-activation-2.0.2.jar:/home/user1/.m2/repository/io/jsonwebtoken/jjwt-api/0.11.5/jjwt-api-0.11.5.jar:/home/user1/.m2/repository/io/jsonwebtoken/jjwt-impl/0.11.5/jjwt-impl-0.11.5.jar:/home/user1/.m2/repository/io/jsonwebtoken/jjwt-jackson/0.11.5/jjwt-jackson-0.11.5.jar:/home/user1/.m2/repository/com/fasterxml/jackson/core/jackson-databind/2.15.4/jackson-databind-2.15.4.jar:/home/user1/.m2/repository/com/fasterxml/jackson/core/jackson-annotations/2.15.4/jackson-annotations-2.15.4.jar:/home/user1/.m2/repository/com/fasterxml/jackson/core/jackson-core/2.15.4/jackson-core-2.15.4.jar:/home/user1/.m2/repository/org/jetbrains/annotations/26.0.1/annotations-26.0.1.jar:/home/user1/.m2/repository/net/coobird/thumbnailator/0.4.8/thumbnailator-0.4.8.jar:"/>
    <property name="sun.cpu.endian" value="little"/>
    <property name="user.home" value="/home/user1"/>
    <property name="user.language" value="en"/>
    <property name="java.specification.vendor" value="Oracle Corporation"/>
    <property name="java.version.date" value="2024-10-15"/>
    <property name="java.home" value="/usr/lib/jvm/java-17-openjdk-amd64"/>
    <property name="file.separator" value="/"/>
    <property name="basedir" value="/home/user1/workspace/hpp_v2/hp_v2"/>
    <property name="java.vm.compressedOopsMode" value="32-bit"/>
    <property name="line.separator" value="&#10;"/>
    <property name="java.specification.name" value="Java Platform API Specification"/>
    <property name="java.vm.specification.vendor" value="Oracle Corporation"/>
    <property name="FILE_LOG_CHARSET" value="UTF-8"/>
    <property name="java.awt.headless" value="true"/>
    <property name="surefire.real.class.path" value="/home/user1/workspace/hpp_v2/hp_v2/target/surefire/surefirebooter-20241210142051994_3.jar"/>
    <property name="sun.management.compiler" value="HotSpot 64-Bit Tiered Compilers"/>
    <property name="java.runtime.version" value="17.0.13+11-Ubuntu-2ubuntu122.04"/>
    <property name="user.name" value="user1"/>
    <property name="path.separator" value=":"/>
    <property name="os.version" value="5.15.153.1-microsoft-standard-WSL2"/>
    <property name="java.runtime.name" value="OpenJDK Runtime Environment"/>
    <property name="file.encoding" value="UTF-8"/>
    <property name="java.vm.name" value="OpenJDK 64-Bit Server VM"/>
    <property name="localRepository" value="/home/user1/.m2/repository"/>
    <property name="java.vendor.url.bug" value="https://bugs.launchpad.net/ubuntu/+source/openjdk-17"/>
    <property name="java.io.tmpdir" value="/tmp"/>
    <property name="java.version" value="17.0.13"/>
    <property name="user.dir" value="/home/user1/workspace/hpp_v2/hp_v2"/>
    <property name="os.arch" value="amd64"/>
    <property name="java.vm.specification.name" value="Java Virtual Machine Specification"/>
    <property name="PID" value="1094137"/>
    <property name="CONSOLE_LOG_CHARSET" value="UTF-8"/>
    <property name="native.encoding" value="UTF-8"/>
    <property name="java.library.path" value="/usr/java/packages/lib:/usr/lib/x86_64-linux-gnu/jni:/lib/x86_64-linux-gnu:/usr/lib/x86_64-linux-gnu:/usr/lib/jni:/lib:/usr/lib"/>
    <property name="java.vm.info" value="mixed mode, sharing"/>
    <property name="java.vendor" value="Ubuntu"/>
    <property name="java.vm.version" value="17.0.13+11-Ubuntu-2ubuntu122.04"/>
    <property name="java.specification.maintenance.version" value="1"/>
    <property name="sun.io.unicode.encoding" value="UnicodeLittle"/>
    <property name="java.class.version" value="61.0"/>
    <property name="LOGGED_APPLICATION_NAME" value="[work] "/>
  </properties>
  <testcase name="contextLoads" classname="com.healthplan.work.WorkApplicationTests" time="1.74">
    <system-out><![CDATA[14:20:53.898 [main] INFO org.springframework.test.context.support.AnnotationConfigContextLoaderUtils -- Could not detect default configuration classes for test class [com.healthplan.work.WorkApplicationTests]: WorkApplicationTests does not declare any static, non-private, non-final, nested classes annotated with @Configuration.
14:20:54.173 [main] INFO org.springframework.boot.test.context.SpringBootTestContextBootstrapper -- Found @SpringBootConfiguration com.healthplan.work.HealthPlanApplication for test class com.healthplan.work.WorkApplicationTests
14:20:54.530 [main] INFO org.springframework.boot.devtools.restart.RestartApplicationListener -- Restart disabled due to context in which it is running

  .   ____          _            __ _ _
 /\\ / ___'_ __ _ _(_)_ __  __ _ \ \ \ \
( ( )\___ | '_ | '_| | '_ \/ _` | \ \ \ \
 \\/  ___)| |_)| | | | | || (_| |  ) ) ) )
  '  |____| .__|_| |_|_| |_\__, | / / / /
 =========|_|==============|___/=/_/_/_/
 :: Spring Boot ::                (v3.2.9)

2024-12-10T14:20:55.128+09:00  INFO 1094137 --- [work] [           main] c.healthplan.work.WorkApplicationTests   : Starting WorkApplicationTests using Java 17.0.13 with PID 1094137 (started by user1 in /home/user1/workspace/hpp_v2/hp_v2)
2024-12-10T14:20:55.132+09:00  INFO 1094137 --- [work] [           main] c.healthplan.work.WorkApplicationTests   : No active profile set, falling back to 1 default profile: "default"
2024-12-10T14:20:58.518+09:00  INFO 1094137 --- [work] [           main] f.a.AutowiredAnnotationBeanPostProcessor : Autowired annotation is not supported on static fields: private static final org.slf4j.Logger com.healthplan.work.Controller.MemberController.logger
2024-12-10T14:20:58.877+09:00  INFO 1094137 --- [work] [           main] o.s.b.a.w.s.WelcomePageHandlerMapping    : Adding welcome page: class path resource [static/index.html]
2024-12-10T14:20:59.661+09:00  INFO 1094137 --- [work] [           main] c.healthplan.work.WorkApplicationTests   : Started WorkApplicationTests in 5.161 seconds (process running for 7.529)
]]></system-out>
  </testcase>
</testsuite>